  Source1.cpp
c:\users\ryan\source\repos\project2\project2\source1.cpp(102): warning C4018: '<': signed/unsigned mismatch
c:\users\ryan\source\repos\project2\project2\source1.cpp(140): warning C4018: '<': signed/unsigned mismatch
c:\users\ryan\source\repos\project2\project2\source1.cpp(142): warning C4018: '<': signed/unsigned mismatch
c:\users\ryan\source\repos\project2\project2\source1.cpp(150): warning C4018: '<': signed/unsigned mismatch
c:\users\ryan\source\repos\project2\project2\source1.cpp(152): warning C4018: '<': signed/unsigned mismatch
c:\users\ryan\source\repos\project2\project2\source1.cpp(160): warning C4018: '<': signed/unsigned mismatch
c:\users\ryan\source\repos\project2\project2\source1.cpp(161): warning C4018: '<': signed/unsigned mismatch
c:\users\ryan\source\repos\project2\project2\source1.cpp(177): warning C4018: '<': signed/unsigned mismatch
c:\users\ryan\source\repos\project2\project2\source1.cpp(181): warning C4018: '<': signed/unsigned mismatch
c:\users\ryan\source\repos\project2\project2\source1.cpp(182): warning C4018: '<': signed/unsigned mismatch
c:\users\ryan\source\repos\project2\project2\source1.cpp(195): warning C4018: '>': signed/unsigned mismatch
c:\users\ryan\source\repos\project2\project2\source1.cpp(213): warning C4018: '<': signed/unsigned mismatch
c:\users\ryan\source\repos\project2\project2\source1.cpp(217): warning C4018: '<': signed/unsigned mismatch
c:\users\ryan\source\repos\project2\project2\source1.cpp(218): warning C4018: '<': signed/unsigned mismatch
c:\users\ryan\source\repos\project2\project2\source1.cpp(231): warning C4018: '>': signed/unsigned mismatch
c:\users\ryan\source\repos\project2\project2\source1.cpp(245): warning C4018: '<': signed/unsigned mismatch
c:\users\ryan\source\repos\project2\project2\source1.cpp(246): warning C4018: '<': signed/unsigned mismatch
c:\users\ryan\source\repos\project2\project2\source1.cpp(260): warning C4018: '<': signed/unsigned mismatch
c:\users\ryan\source\repos\project2\project2\source1.cpp(261): warning C4018: '<': signed/unsigned mismatch
c:\users\ryan\source\repos\project2\project2\source1.cpp(273): warning C4244: '=': conversion from 'double' to 'float', possible loss of data
c:\users\ryan\source\repos\project2\project2\source1.cpp(274): warning C4244: '=': conversion from 'double' to 'float', possible loss of data
c:\users\ryan\source\repos\project2\project2\source1.cpp(287): warning C4018: '<': signed/unsigned mismatch
c:\users\ryan\source\repos\project2\project2\source1.cpp(293): warning C4018: '<': signed/unsigned mismatch
c:\users\ryan\source\repos\project2\project2\source1.cpp(113): warning C4715: 'loginScreen': not all control paths return a value
  Project2.vcxproj -> C:\Users\Ryan\source\repos\Project2\Debug\Project2.exe
